Removed Pin From Net: NetName=+3V3 Pin=J2-1
Removed Pin From Net: NetName=MCU_POT0 Pin=J2-2
Removed Pin From Net: NetName=GND Pin=J2-3
Removed Pin From Net: NetName=+3V3 Pin=J3-1
Removed Pin From Net: NetName=MCU_POT1 Pin=J3-2
Removed Pin From Net: NetName=GND Pin=J3-3
Removed Pin From Net: NetName=+3V3 Pin=J4-1
Removed Pin From Net: NetName=MCU_POT2 Pin=J4-2
Removed Pin From Net: NetName=GND Pin=J4-3
Removed Pin From Net: NetName=+3V3 Pin=J5-1
Removed Pin From Net: NetName=MCU_POT3 Pin=J5-2
Removed Pin From Net: NetName=GND Pin=J5-3
Removed Pin From Net: NetName=+3V3 Pin=J6-1
Removed Pin From Net: NetName=MCU_POT4 Pin=J6-2
Removed Pin From Net: NetName=GND Pin=J6-3
Removed Pin From Net: NetName=+3V3 Pin=J7-1
Removed Pin From Net: NetName=MCU_POT5 Pin=J7-2
Removed Pin From Net: NetName=GND Pin=J7-3
Removed Pin From Net: NetName=+3V3 Pin=J8-1
Removed Pin From Net: NetName=MCU_POT6 Pin=J8-2
Removed Pin From Net: NetName=GND Pin=J8-3
Removed Pin From Net: NetName=+3V3 Pin=J9-1
Removed Pin From Net: NetName=MCU_POT7 Pin=J9-2
Removed Pin From Net: NetName=GND Pin=J9-3
Removed Pin From Net: NetName=MCU_POT0 Pin=U2-26
Removed Pin From Net: NetName=MCU_POT1 Pin=U2-27
Removed Pin From Net: NetName=MCU_POT2 Pin=U2-28
Removed Pin From Net: NetName=MCU_POT3 Pin=U2-29
Removed Pin From Net: NetName=MCU_POT4 Pin=U2-44
Removed Pin From Net: NetName=MCU_POT5 Pin=U2-45
Removed Pin From Net: NetName=MCU_POT6 Pin=U2-46
Removed Pin From Net: NetName=MCU_POT7 Pin=U2-47
Removed Pin From Net: NetName=MCU_POT6 Pin=U2-96
Removed Member From Class: ClassName=U_SNES_DRONE_GPIO Member=J2
Removed Member From Class: ClassName=U_SNES_DRONE_GPIO Member=J3
Removed Member From Class: ClassName=U_SNES_DRONE_GPIO Member=J4
Removed Member From Class: ClassName=U_SNES_DRONE_GPIO Member=J5
Removed Member From Class: ClassName=U_SNES_DRONE_GPIO Member=J6
Removed Member From Class: ClassName=U_SNES_DRONE_GPIO Member=J7
Removed Member From Class: ClassName=U_SNES_DRONE_GPIO Member=J8
Removed Member From Class: ClassName=U_SNES_DRONE_GPIO Member=J9
Added Component: Designator=P1(ALPHA_T18)
Add component. Clean all parameters for all variants
Add component (AddParameter): Name = "ComponentLink1Description"; Value = "thonk"; VariantName = "[No Variations]"
Add component (AddParameter): Name = "ComponentLink1URL"; Value = "https://www.thonk.co.uk/shop/alpha-9mm-pots-vertical-t18/"; VariantName = "[No Variations]"
Add component (AddParameter): Name = "ComponentLink2Description"; Value = "datasheet"; VariantName = "[No Variations]"
Add component (AddParameter): Name = "ComponentLink2URL"; Value = "https://www.thonk.co.uk/wp-content/uploads/2017/12/Alpha-9mm-Vertical-T18-RD901F-40-15K-B50K-0057.pdf"; VariantName = "[No Variations]"
Add component (AddParameter): Name = "Manufacturer 1"; Value = "Alpha"; VariantName = "[No Variations]"
Add component (AddParameter): Name = "Manufacturer Part Number 1"; Value = "SP17090051"; VariantName = "[No Variations]"
Add component (AddParameter): Name = "Name"; Value = "Alpha 9mm T18"; VariantName = "[No Variations]"
Add component (AddParameter): Name = "Supplier 1"; Value = "Thonk"; VariantName = "[No Variations]"
Add component (AddParameter): Name = "Supplier Order Qty 1"; Value = "1"; VariantName = "[No Variations]"
Add component (AddParameter): Name = "Supplier Part Number 1"; Value = "Alpha 9mm Pots"; VariantName = "[No Variations]"
Add component (AddParameter): Name = "Supplier Unit Price 1"; Value = "1,99"; VariantName = "[No Variations]"
Add component (AddParameter): Name = "Value"; Value = "100k lin"; VariantName = "[No Variations]"
Added Component: Designator=P2(ALPHA_T18)
Add component. Clean all parameters for all variants
Add component (AddParameter): Name = "ComponentLink1Description"; Value = "thonk"; VariantName = "[No Variations]"
Add component (AddParameter): Name = "ComponentLink1URL"; Value = "https://www.thonk.co.uk/shop/alpha-9mm-pots-vertical-t18/"; VariantName = "[No Variations]"
Add component (AddParameter): Name = "ComponentLink2Description"; Value = "datasheet"; VariantName = "[No Variations]"
Add component (AddParameter): Name = "ComponentLink2URL"; Value = "https://www.thonk.co.uk/wp-content/uploads/2017/12/Alpha-9mm-Vertical-T18-RD901F-40-15K-B50K-0057.pdf"; VariantName = "[No Variations]"
Add component (AddParameter): Name = "Manufacturer 1"; Value = "Alpha"; VariantName = "[No Variations]"
Add component (AddParameter): Name = "Manufacturer Part Number 1"; Value = "SP17090051"; VariantName = "[No Variations]"
Add component (AddParameter): Name = "Name"; Value = "Alpha 9mm T18"; VariantName = "[No Variations]"
Add component (AddParameter): Name = "Supplier 1"; Value = "Thonk"; VariantName = "[No Variations]"
Add component (AddParameter): Name = "Supplier Order Qty 1"; Value = "1"; VariantName = "[No Variations]"
Add component (AddParameter): Name = "Supplier Part Number 1"; Value = "Alpha 9mm Pots"; VariantName = "[No Variations]"
Add component (AddParameter): Name = "Supplier Unit Price 1"; Value = "1,99"; VariantName = "[No Variations]"
Add component (AddParameter): Name = "Value"; Value = "100k lin"; VariantName = "[No Variations]"
Added Component: Designator=P3(ALPHA_T18)
Add component. Clean all parameters for all variants
Add component (AddParameter): Name = "ComponentLink1Description"; Value = "thonk"; VariantName = "[No Variations]"
Add component (AddParameter): Name = "ComponentLink1URL"; Value = "https://www.thonk.co.uk/shop/alpha-9mm-pots-vertical-t18/"; VariantName = "[No Variations]"
Add component (AddParameter): Name = "ComponentLink2Description"; Value = "datasheet"; VariantName = "[No Variations]"
Add component (AddParameter): Name = "ComponentLink2URL"; Value = "https://www.thonk.co.uk/wp-content/uploads/2017/12/Alpha-9mm-Vertical-T18-RD901F-40-15K-B50K-0057.pdf"; VariantName = "[No Variations]"
Add component (AddParameter): Name = "Manufacturer 1"; Value = "Alpha"; VariantName = "[No Variations]"
Add component (AddParameter): Name = "Manufacturer Part Number 1"; Value = "SP17090051"; VariantName = "[No Variations]"
Add component (AddParameter): Name = "Name"; Value = "Alpha 9mm T18"; VariantName = "[No Variations]"
Add component (AddParameter): Name = "Supplier 1"; Value = "Thonk"; VariantName = "[No Variations]"
Add component (AddParameter): Name = "Supplier Order Qty 1"; Value = "1"; VariantName = "[No Variations]"
Add component (AddParameter): Name = "Supplier Part Number 1"; Value = "Alpha 9mm Pots"; VariantName = "[No Variations]"
Add component (AddParameter): Name = "Supplier Unit Price 1"; Value = "1,99"; VariantName = "[No Variations]"
Add component (AddParameter): Name = "Value"; Value = "100k lin"; VariantName = "[No Variations]"
Added Component: Designator=P4(ALPHA_T18)
Add component. Clean all parameters for all variants
Add component (AddParameter): Name = "ComponentLink1Description"; Value = "thonk"; VariantName = "[No Variations]"
Add component (AddParameter): Name = "ComponentLink1URL"; Value = "https://www.thonk.co.uk/shop/alpha-9mm-pots-vertical-t18/"; VariantName = "[No Variations]"
Add component (AddParameter): Name = "ComponentLink2Description"; Value = "datasheet"; VariantName = "[No Variations]"
Add component (AddParameter): Name = "ComponentLink2URL"; Value = "https://www.thonk.co.uk/wp-content/uploads/2017/12/Alpha-9mm-Vertical-T18-RD901F-40-15K-B50K-0057.pdf"; VariantName = "[No Variations]"
Add component (AddParameter): Name = "Manufacturer 1"; Value = "Alpha"; VariantName = "[No Variations]"
Add component (AddParameter): Name = "Manufacturer Part Number 1"; Value = "SP17090051"; VariantName = "[No Variations]"
Add component (AddParameter): Name = "Name"; Value = "Alpha 9mm T18"; VariantName = "[No Variations]"
Add component (AddParameter): Name = "Supplier 1"; Value = "Thonk"; VariantName = "[No Variations]"
Add component (AddParameter): Name = "Supplier Order Qty 1"; Value = "1"; VariantName = "[No Variations]"
Add component (AddParameter): Name = "Supplier Part Number 1"; Value = "Alpha 9mm Pots"; VariantName = "[No Variations]"
Add component (AddParameter): Name = "Supplier Unit Price 1"; Value = "1,99"; VariantName = "[No Variations]"
Add component (AddParameter): Name = "Value"; Value = "100k lin"; VariantName = "[No Variations]"
Added Component: Designator=P5(ALPHA_T18)
Add component. Clean all parameters for all variants
Add component (AddParameter): Name = "ComponentLink1Description"; Value = "thonk"; VariantName = "[No Variations]"
Add component (AddParameter): Name = "ComponentLink1URL"; Value = "https://www.thonk.co.uk/shop/alpha-9mm-pots-vertical-t18/"; VariantName = "[No Variations]"
Add component (AddParameter): Name = "ComponentLink2Description"; Value = "datasheet"; VariantName = "[No Variations]"
Add component (AddParameter): Name = "ComponentLink2URL"; Value = "https://www.thonk.co.uk/wp-content/uploads/2017/12/Alpha-9mm-Vertical-T18-RD901F-40-15K-B50K-0057.pdf"; VariantName = "[No Variations]"
Add component (AddParameter): Name = "Manufacturer 1"; Value = "Alpha"; VariantName = "[No Variations]"
Add component (AddParameter): Name = "Manufacturer Part Number 1"; Value = "SP17090051"; VariantName = "[No Variations]"
Add component (AddParameter): Name = "Name"; Value = "Alpha 9mm T18"; VariantName = "[No Variations]"
Add component (AddParameter): Name = "Supplier 1"; Value = "Thonk"; VariantName = "[No Variations]"
Add component (AddParameter): Name = "Supplier Order Qty 1"; Value = "1"; VariantName = "[No Variations]"
Add component (AddParameter): Name = "Supplier Part Number 1"; Value = "Alpha 9mm Pots"; VariantName = "[No Variations]"
Add component (AddParameter): Name = "Supplier Unit Price 1"; Value = "1,99"; VariantName = "[No Variations]"
Add component (AddParameter): Name = "Value"; Value = "100k lin"; VariantName = "[No Variations]"
Added Component: Designator=P6(ALPHA_T18)
Add component. Clean all parameters for all variants
Add component (AddParameter): Name = "ComponentLink1Description"; Value = "thonk"; VariantName = "[No Variations]"
Add component (AddParameter): Name = "ComponentLink1URL"; Value = "https://www.thonk.co.uk/shop/alpha-9mm-pots-vertical-t18/"; VariantName = "[No Variations]"
Add component (AddParameter): Name = "ComponentLink2Description"; Value = "datasheet"; VariantName = "[No Variations]"
Add component (AddParameter): Name = "ComponentLink2URL"; Value = "https://www.thonk.co.uk/wp-content/uploads/2017/12/Alpha-9mm-Vertical-T18-RD901F-40-15K-B50K-0057.pdf"; VariantName = "[No Variations]"
Add component (AddParameter): Name = "Manufacturer 1"; Value = "Alpha"; VariantName = "[No Variations]"
Add component (AddParameter): Name = "Manufacturer Part Number 1"; Value = "SP17090051"; VariantName = "[No Variations]"
Add component (AddParameter): Name = "Name"; Value = "Alpha 9mm T18"; VariantName = "[No Variations]"
Add component (AddParameter): Name = "Supplier 1"; Value = "Thonk"; VariantName = "[No Variations]"
Add component (AddParameter): Name = "Supplier Order Qty 1"; Value = "1"; VariantName = "[No Variations]"
Add component (AddParameter): Name = "Supplier Part Number 1"; Value = "Alpha 9mm Pots"; VariantName = "[No Variations]"
Add component (AddParameter): Name = "Supplier Unit Price 1"; Value = "1,99"; VariantName = "[No Variations]"
Add component (AddParameter): Name = "Value"; Value = "100k lin"; VariantName = "[No Variations]"
Added Component: Designator=P7(ALPHA_T18)
Add component. Clean all parameters for all variants
Add component (AddParameter): Name = "ComponentLink1Description"; Value = "thonk"; VariantName = "[No Variations]"
Add component (AddParameter): Name = "ComponentLink1URL"; Value = "https://www.thonk.co.uk/shop/alpha-9mm-pots-vertical-t18/"; VariantName = "[No Variations]"
Add component (AddParameter): Name = "ComponentLink2Description"; Value = "datasheet"; VariantName = "[No Variations]"
Add component (AddParameter): Name = "ComponentLink2URL"; Value = "https://www.thonk.co.uk/wp-content/uploads/2017/12/Alpha-9mm-Vertical-T18-RD901F-40-15K-B50K-0057.pdf"; VariantName = "[No Variations]"
Add component (AddParameter): Name = "Manufacturer 1"; Value = "Alpha"; VariantName = "[No Variations]"
Add component (AddParameter): Name = "Manufacturer Part Number 1"; Value = "SP17090051"; VariantName = "[No Variations]"
Add component (AddParameter): Name = "Name"; Value = "Alpha 9mm T18"; VariantName = "[No Variations]"
Add component (AddParameter): Name = "Supplier 1"; Value = "Thonk"; VariantName = "[No Variations]"
Add component (AddParameter): Name = "Supplier Order Qty 1"; Value = "1"; VariantName = "[No Variations]"
Add component (AddParameter): Name = "Supplier Part Number 1"; Value = "Alpha 9mm Pots"; VariantName = "[No Variations]"
Add component (AddParameter): Name = "Supplier Unit Price 1"; Value = "1,99"; VariantName = "[No Variations]"
Add component (AddParameter): Name = "Value"; Value = "100k lin"; VariantName = "[No Variations]"
Added Component: Designator=P8(ALPHA_T18)
Add component. Clean all parameters for all variants
Add component (AddParameter): Name = "ComponentLink1Description"; Value = "thonk"; VariantName = "[No Variations]"
Add component (AddParameter): Name = "ComponentLink1URL"; Value = "https://www.thonk.co.uk/shop/alpha-9mm-pots-vertical-t18/"; VariantName = "[No Variations]"
Add component (AddParameter): Name = "ComponentLink2Description"; Value = "datasheet"; VariantName = "[No Variations]"
Add component (AddParameter): Name = "ComponentLink2URL"; Value = "https://www.thonk.co.uk/wp-content/uploads/2017/12/Alpha-9mm-Vertical-T18-RD901F-40-15K-B50K-0057.pdf"; VariantName = "[No Variations]"
Add component (AddParameter): Name = "Manufacturer 1"; Value = "Alpha"; VariantName = "[No Variations]"
Add component (AddParameter): Name = "Manufacturer Part Number 1"; Value = "SP17090051"; VariantName = "[No Variations]"
Add component (AddParameter): Name = "Name"; Value = "Alpha 9mm T18"; VariantName = "[No Variations]"
Add component (AddParameter): Name = "Supplier 1"; Value = "Thonk"; VariantName = "[No Variations]"
Add component (AddParameter): Name = "Supplier Order Qty 1"; Value = "1"; VariantName = "[No Variations]"
Add component (AddParameter): Name = "Supplier Part Number 1"; Value = "Alpha 9mm Pots"; VariantName = "[No Variations]"
Add component (AddParameter): Name = "Supplier Unit Price 1"; Value = "1,99"; VariantName = "[No Variations]"
Add component (AddParameter): Name = "Value"; Value = "100k lin"; VariantName = "[No Variations]"
Added Pin To Net: NetName=MCU_POT0 Pin=P1-2
Added Pin To Net: NetName=GND Pin=P1-3
Added Pin To Net: NetName=MCU_POT1 Pin=P2-2
Added Pin To Net: NetName=GND Pin=P2-3
Added Pin To Net: NetName=MCU_POT2 Pin=P3-2
Added Pin To Net: NetName=GND Pin=P3-3
Added Pin To Net: NetName=MCU_POT3 Pin=P4-2
Added Pin To Net: NetName=GND Pin=P4-3
Added Pin To Net: NetName=MCU_POT4 Pin=P5-2
Added Pin To Net: NetName=GND Pin=P5-3
Added Pin To Net: NetName=MCU_POT5 Pin=P6-2
Added Pin To Net: NetName=GND Pin=P6-3
Added Pin To Net: NetName=MCU_POT6 Pin=P7-2
Added Pin To Net: NetName=GND Pin=P7-3
Added Pin To Net: NetName=MCU_POT7 Pin=P8-2
Added Pin To Net: NetName=GND Pin=P8-3
Added Pin To Net: NetName=MCU_POT2 Pin=U2-26
Added Pin To Net: NetName=MCU_POT3 Pin=U2-27
Added Pin To Net: NetName=MCU_POT4 Pin=U2-28
Added Pin To Net: NetName=MCU_POT5 Pin=U2-29
Added Pin To Net: NetName=MCU_POT6 Pin=U2-44
Added Pin To Net: NetName=MCU_POT7 Pin=U2-45
Added Pin To Net: NetName=MCU_POT0 Pin=U2-46
Added Pin To Net: NetName=MCU_POT1 Pin=U2-47
Added Member To Class: ClassName=U_SNES_DRONE_GPIO Member=Component P1 RES_POT_100k_LIN_ALPHA_EURACK
Added Member To Class: ClassName=U_SNES_DRONE_GPIO Member=Component P2 RES_POT_100k_LIN_ALPHA_EURACK
Added Member To Class: ClassName=U_SNES_DRONE_GPIO Member=Component P3 RES_POT_100k_LIN_ALPHA_EURACK
Added Member To Class: ClassName=U_SNES_DRONE_GPIO Member=Component P4 RES_POT_100k_LIN_ALPHA_EURACK
Added Member To Class: ClassName=U_SNES_DRONE_GPIO Member=Component P5 RES_POT_100k_LIN_ALPHA_EURACK
Added Member To Class: ClassName=U_SNES_DRONE_GPIO Member=Component P6 RES_POT_100k_LIN_ALPHA_EURACK
Added Member To Class: ClassName=U_SNES_DRONE_GPIO Member=Component P7 RES_POT_100k_LIN_ALPHA_EURACK
Added Member To Class: ClassName=U_SNES_DRONE_GPIO Member=Component P8 RES_POT_100k_LIN_ALPHA_EURACK
